<?xml version="1.0" encoding="UTF-8"?>
<!-- Generated by org.testng.reporters.JUnitXMLReporter -->
<testsuite ignored="0" hostname="LAPTOP-96I5TAET" failures="0" tests="4" name="Default test" time="0.752" errors="0" timestamp="2023-05-18T17:02:37 IST">
  <testcase classname="magneq.projectk.tests.usingDataProvider" name="dataExcelTest" time="0.007"/>
  <testcase classname="magneq.projectk.tests.usingDataProvider" name="dataExcelTest" time="0.002"/>
  <testcase classname="magneq.projectk.tests.usingDataProvider" name="dataTest" time="0.0"/>
  <testcase classname="magneq.projectk.tests.usingDataProvider" name="dataTest" time="0.002"/>
</testsuite> <!-- Default test -->
